<?xml version="1.0" encoding="UTF-8"?>
<!-- Generated by org.testng.reporters.JUnitXMLReporter -->
<testsuite ignored="0" hostname="Ashutosh" failures="0" tests="8" name="Default test" time="0.118" errors="0" timestamp="2024-11-07T11:30:09 IST">
  <testcase classname="Demo.Day2CarLoan" name="loan1" time="0.013"/>
  <testcase classname="Demo.Day2CarLoan" name="loan1" time="0.003"/>
  <testcase classname="Demo.Day2CarLoan" name="loan1" time="0.001"/>
  <testcase classname="Demo.Day2CarLoan" name="loan2" time="0.003"/>
  <testcase classname="Demo.Day2CarLoan" name="loan3" time="0.002"/>
  <testcase classname="Demo.Day2CarLoan" name="loan4" time="0.001"/>
  <testcase classname="Demo.Day2CarLoan" name="loan5" time="0.002"/>
  <testcase classname="Demo.Day2CarLoan" name="loan6" time="0.001"/>
</testsuite> <!-- Default test -->
