<?xml version="1.0" encoding="UTF-8"?>
<!-- Generated by org.testng.reporters.JUnitXMLReporter -->
<testsuite ignored="0" hostname="Ashutosh" failures="0" tests="8" name="Test" time="0.145" errors="0" timestamp="2024-11-07T13:47:35 IST">
  <testcase classname="Demo.Day2CarLoan" name="loan1" time="0.017"/>
  <testcase classname="Demo.Day2CarLoan" name="loan1" time="0.003"/>
  <testcase classname="Demo.Day2CarLoan" name="loan1" time="0.003"/>
  <testcase classname="Demo.Day2CarLoan" name="loan2" time="0.005"/>
  <testcase classname="Demo.Day2CarLoan" name="loan3" time="0.002"/>
  <testcase classname="Demo.Day2CarLoan" name="loan4" time="0.002"/>
  <testcase classname="Demo.Day2CarLoan" name="loan5" time="0.004"/>
  <testcase classname="Demo.Day2CarLoan" name="loan6" time="0.002"/>
</testsuite> <!-- Test -->
