<?xml version="1.0" encoding="UTF-8"?>
<testng-results ignored="0" total="8" passed="8" failed="0" skipped="0">
  <reporter-output>
  </reporter-output>
  <suite started-at="2024-11-07T13:47:35 IST" name="Suite" finished-at="2024-11-07T13:47:35 IST" duration-ms="145">
    <groups>
    </groups>
    <test started-at="2024-11-07T13:47:35 IST" name="Test" finished-at="2024-11-07T13:47:35 IST" duration-ms="145">
      <class name="Demo.Day2CarLoan">
        <test-method signature="loan1(java.lang.String,java.lang.String)[pri:0, instance:Demo.Day2CarLoan@55a147cc]" started-at="2024-11-07T13:47:35 IST" name="loan1" data-provider="getdata" finished-at="2024-11-07T13:47:35 IST" duration-ms="17" status="PASS">
          <params>
            <param index="0">
              <value>
                <![CDATA[FirstUsername]]>
              </value>
            </param>
            <param index="1">
              <value>
                <![CDATA[FirstPass]]>
              </value>
            </param>
          </params>
          <reporter-output>
          </reporter-output>
        </test-method> <!-- loan1 -->
        <test-method signature="loan1(java.lang.String,java.lang.String)[pri:0, instance:Demo.Day2CarLoan@55a147cc]" started-at="2024-11-07T13:47:35 IST" name="loan1" data-provider="getdata" finished-at="2024-11-07T13:47:35 IST" duration-ms="3" status="PASS">
          <params>
            <param index="0">
              <value>
                <![CDATA[SecondUsername]]>
              </value>
            </param>
            <param index="1">
              <value>
                <![CDATA[SecondPass]]>
              </value>
            </param>
          </params>
          <reporter-output>
          </reporter-output>
        </test-method> <!-- loan1 -->
        <test-method signature="loan1(java.lang.String,java.lang.String)[pri:0, instance:Demo.Day2CarLoan@55a147cc]" started-at="2024-11-07T13:47:35 IST" name="loan1" data-provider="getdata" finished-at="2024-11-07T13:47:35 IST" duration-ms="3" status="PASS">
          <params>
            <param index="0">
              <value>
                <![CDATA[ThirdUsername]]>
              </value>
            </param>
            <param index="1">
              <value>
                <![CDATA[ThirdPass]]>
              </value>
            </param>
          </params>
          <reporter-output>
          </reporter-output>
        </test-method> <!-- loan1 -->
        <test-method signature="loan2()[pri:0, instance:Demo.Day2CarLoan@55a147cc]" started-at="2024-11-07T13:47:35 IST" name="loan2" finished-at="2024-11-07T13:47:35 IST" duration-ms="5" status="PASS">
          <reporter-output>
          </reporter-output>
        </test-method> <!-- loan2 -->
        <test-method signature="loan3()[pri:0, instance:Demo.Day2CarLoan@55a147cc]" started-at="2024-11-07T13:47:35 IST" name="loan3" finished-at="2024-11-07T13:47:35 IST" duration-ms="2" status="PASS">
          <reporter-output>
          </reporter-output>
        </test-method> <!-- loan3 -->
        <test-method signature="loan4()[pri:0, instance:Demo.Day2CarLoan@55a147cc]" started-at="2024-11-07T13:47:35 IST" name="loan4" finished-at="2024-11-07T13:47:35 IST" duration-ms="2" status="PASS">
          <reporter-output>
          </reporter-output>
        </test-method> <!-- loan4 -->
        <test-method signature="loan5()[pri:0, instance:Demo.Day2CarLoan@55a147cc]" started-at="2024-11-07T13:47:35 IST" name="loan5" finished-at="2024-11-07T13:47:35 IST" duration-ms="4" status="PASS">
          <reporter-output>
          </reporter-output>
        </test-method> <!-- loan5 -->
        <test-method signature="loan6()[pri:0, instance:Demo.Day2CarLoan@55a147cc]" started-at="2024-11-07T13:47:35 IST" name="loan6" finished-at="2024-11-07T13:47:35 IST" duration-ms="2" status="PASS">
          <reporter-output>
          </reporter-output>
        </test-method> <!-- loan6 -->
      </class> <!-- Demo.Day2CarLoan -->
    </test> <!-- Test -->
  </suite> <!-- Suite -->
</testng-results>
